<?xml version="1.0" encoding="UTF-8"?>
<robot generator="Robot 7.0 (Python 3.12.2 on win32)" generated="2024-05-21T17:13:35.129604" rpa="false" schemaversion="5">
<suite id="s1" name="Test Booker" source="C:\Iterasys\RobotBooker140\__tests__\api\test_booker.robot">
<kw name="Create Token" owner="common" type="SETUP">
<kw name="Create Dictionary" owner="BuiltIn">
<msg time="2024-05-21T17:13:35.408211" level="INFO">${body} = {'username': 'admin', 'password': 'password123'}</msg>
<var>${body}</var>
<arg>username=admin</arg>
<arg>password=password123</arg>
<doc>Creates and returns a dictionary based on the given ``items``.</doc>
<status status="PASS" start="2024-05-21T17:13:35.407225" elapsed="0.000986"/>
</kw>
<kw name="POST" owner="RequestsLibrary">
<msg time="2024-05-21T17:13:36.722238" level="INFO">POST Request : url=https://restful-booker.herokuapp.com/auth 
 path_url=/auth 
 headers={'User-Agent': 'python-requests/2.31.0', 'Accept-Encoding': 'gzip, deflate', 'Accept': '*/*', 'Connection': 'keep-alive', 'Content-Length': '48', 'Content-Type': 'application/json'} 
 body=b'{"username": "admin", "password": "password123"}' 
 </msg>
<msg time="2024-05-21T17:13:36.722238" level="INFO">POST Response : url=https://restful-booker.herokuapp.com/auth 
 status=200, reason=OK 
 headers={'Server': 'Cowboy', 'Report-To': '{"group":"heroku-nel","max_age":3600,"endpoints":[{"url":"https://nel.heroku.com/reports?ts=1716322419&amp;sid=c46efe9b-d3d2-4a0c-8c76-bfafa16c5add&amp;s=KScBtXAnjfNr8uc%2FDRe96S5fIm911wJ0Oda7do4I9W8%3D"}]}', 'Reporting-Endpoints': 'heroku-nel=https://nel.heroku.com/reports?ts=1716322419&amp;sid=c46efe9b-d3d2-4a0c-8c76-bfafa16c5add&amp;s=KScBtXAnjfNr8uc%2FDRe96S5fIm911wJ0Oda7do4I9W8%3D', 'Nel': '{"report_to":"heroku-nel","max_age":3600,"success_fraction":0.005,"failure_fraction":0.05,"response_headers":["Via"]}', 'Connection': 'keep-alive', 'X-Powered-By': 'Express', 'Content-Type': 'application/json; charset=utf-8', 'Content-Length': '27', 'Etag': 'W/"1b-HwTLbA7IwSZPGZqYtEk/iOmuYkQ"', 'Date': 'Tue, 21 May 2024 20:13:39 GMT', 'Via': '1.1 vegur'} 
 body={"token":"368c95b8030750d"} 
 </msg>
<msg time="2024-05-21T17:13:36.722238" level="INFO">${response} = &lt;Response [200]&gt;</msg>
<var>${response}</var>
<arg>url=${url}/auth</arg>
<arg>json=${body}</arg>
<doc>Sends a POST request.</doc>
<status status="PASS" start="2024-05-21T17:13:35.408211" elapsed="1.314027"/>
</kw>
<kw name="Status Should Be" owner="RequestsLibrary">
<arg>200</arg>
<doc>Fails if response status code is different than the expected.</doc>
<status status="PASS" start="2024-05-21T17:13:36.723744" elapsed="0.000517"/>
</kw>
<kw name="Set Variable" owner="BuiltIn">
<msg time="2024-05-21T17:13:36.725280" level="INFO">${token} = 368c95b8030750d</msg>
<var>${token}</var>
<arg>${response.json()}[token]</arg>
<doc>Returns the given values which can then be assigned to a variables.</doc>
<status status="PASS" start="2024-05-21T17:13:36.724261" elapsed="0.001019"/>
</kw>
<kw name="Set Suite Variable" owner="BuiltIn">
<msg time="2024-05-21T17:13:36.725280" level="INFO">${token} = 368c95b8030750d</msg>
<arg>${token}</arg>
<doc>Makes a variable available everywhere within the scope of the current suite.</doc>
<status status="PASS" start="2024-05-21T17:13:36.725280" elapsed="0.000000"/>
</kw>
<kw name="Log To Console" owner="BuiltIn">
<arg>${token}</arg>
<doc>Logs the given message to the console.</doc>
<status status="PASS" start="2024-05-21T17:13:36.726277" elapsed="0.000000"/>
</kw>
<arg>${url}</arg>
<status status="PASS" start="2024-05-21T17:13:35.406218" elapsed="1.320059"/>
</kw>
<test id="s1-t1" name="Create Booking" line="16">
<kw name="Create Dictionary" owner="BuiltIn">
<msg time="2024-05-21T17:13:36.727278" level="INFO">${headers} = {'Content-type': 'application/json'}</msg>
<var>${headers}</var>
<arg>Content-type=${content_type}</arg>
<doc>Creates and returns a dictionary based on the given ``items``.</doc>
<status status="PASS" start="2024-05-21T17:13:36.727278" elapsed="0.000000"/>
</kw>
<kw name="Evaluate" owner="BuiltIn">
<msg time="2024-05-21T17:13:36.729334" level="INFO">${body} = {'firstname': 'Charlie', 'lastname': 'Brown', 'totalprice': 120, 'depositpaid': False, 'bookingdates': {'checkin': '2024-04-27', 'checkout': '2024-04-27'}, 'additionalneeds': 'Breakfast'}</msg>
<var>${body}</var>
<arg>json.loads(open('./fixtures/json/booking1.json').read())</arg>
<doc>Evaluates the given expression in Python and returns the result.</doc>
<status status="PASS" start="2024-05-21T17:13:36.727278" elapsed="0.002056"/>
</kw>
<kw name="POST" owner="RequestsLibrary">
<msg time="2024-05-21T17:13:37.832916" level="INFO">POST Request : url=https://restful-booker.herokuapp.com/booking 
 path_url=/booking 
 headers={'User-Agent': 'python-requests/2.31.0', 'Accept-Encoding': 'gzip, deflate', 'Accept': '*/*', 'Connection': 'keep-alive', 'Content-type': 'application/json', 'Content-Length': '187'} 
 body=b'{"firstname": "Charlie", "lastname": "Brown", "totalprice": 120, "depositpaid": false, "bookingdates": {"checkin": "2024-04-27", "checkout": "2024-04-27"}, "additionalneeds": "Breakfast"}' 
 </msg>
<msg time="2024-05-21T17:13:37.832916" level="INFO">POST Response : url=https://restful-booker.herokuapp.com/booking 
 status=200, reason=OK 
 headers={'Server': 'Cowboy', 'Report-To': '{"group":"heroku-nel","max_age":3600,"endpoints":[{"url":"https://nel.heroku.com/reports?ts=1716322420&amp;sid=c46efe9b-d3d2-4a0c-8c76-bfafa16c5add&amp;s=Ju2HIwxyQSSxKQCZ9MTZCKAlpv6del78BI6VkBORKfA%3D"}]}', 'Reporting-Endpoints': 'heroku-nel=https://nel.heroku.com/reports?ts=1716322420&amp;sid=c46efe9b-d3d2-4a0c-8c76-bfafa16c5add&amp;s=Ju2HIwxyQSSxKQCZ9MTZCKAlpv6del78BI6VkBORKfA%3D', 'Nel': '{"report_to":"heroku-nel","max_age":3600,"success_fraction":0.005,"failure_fraction":0.05,"response_headers":["Via"]}', 'Connection': 'keep-alive', 'X-Powered-By': 'Express', 'Content-Type': 'application/json; charset=utf-8', 'Content-Length': '202', 'Etag': 'W/"ca-K0cnQFxlyF3tuNuPVD2ndb4aRYo"', 'Date': 'Tue, 21 May 2024 20:13:40 GMT', 'Via': '1.1 vegur'} 
 body={"bookingid":1054,"booking":{"firstname":"Charlie","lastname":"Brown","totalprice":120,"depositpaid":false,"bookingdates":{"checkin":"2024-04-27","checkout":"2024-04-27"},"additionalneeds":"Breakfast"}} 
 </msg>
<msg time="2024-05-21T17:13:37.832916" level="INFO">${response} = &lt;Response [200]&gt;</msg>
<var>${response}</var>
<arg>url=${url}/booking</arg>
<arg>json=${body}</arg>
<arg>headers=${headers}</arg>
<doc>Sends a POST request.</doc>
<status status="PASS" start="2024-05-21T17:13:36.730345" elapsed="1.103567"/>
</kw>
<kw name="Set Variable" owner="BuiltIn">
<msg time="2024-05-21T17:13:37.835004" level="INFO">${response_body} = {'bookingid': 1054, 'booking': {'firstname': 'Charlie', 'lastname': 'Brown', 'totalprice': 120, 'depositpaid': False, 'bookingdates': {'checkin': '2024-04-27', 'checkout': '2024-04-27'}, 'additionalne...</msg>
<var>${response_body}</var>
<arg>${response.json()}</arg>
<doc>Returns the given values which can then be assigned to a variables.</doc>
<status status="PASS" start="2024-05-21T17:13:37.833912" elapsed="0.002131"/>
</kw>
<kw name="Log To Console" owner="BuiltIn">
<arg>${response_body}</arg>
<doc>Logs the given message to the console.</doc>
<status status="PASS" start="2024-05-21T17:13:37.836719" elapsed="0.000714"/>
</kw>
<kw name="Status Should Be" owner="RequestsLibrary">
<arg>200</arg>
<doc>Fails if response status code is different than the expected.</doc>
<status status="PASS" start="2024-05-21T17:13:37.837604" elapsed="0.000000"/>
</kw>
<kw name="Should Be Equal" owner="BuiltIn">
<arg>${response_body}[booking][firstname]</arg>
<arg>Charlie</arg>
<doc>Fails if the given objects are unequal.</doc>
<status status="PASS" start="2024-05-21T17:13:37.838609" elapsed="0.000000"/>
</kw>
<kw name="Should Be Equal" owner="BuiltIn">
<arg>${response_body}[booking][bookingdates][checkin]</arg>
<arg>2024-04-27</arg>
<doc>Fails if the given objects are unequal.</doc>
<status status="PASS" start="2024-05-21T17:13:37.839605" elapsed="0.000000"/>
</kw>
<status status="PASS" start="2024-05-21T17:13:36.726277" elapsed="1.114662"/>
</test>
<status status="PASS" start="2024-05-21T17:13:35.131566" elapsed="2.710929"/>
</suite>
<statistics>
<total>
<stat pass="1" fail="0" skip="0">All Tests</stat>
</total>
<tag>
</tag>
<suite>
<stat pass="1" fail="0" skip="0" id="s1" name="Test Booker">Test Booker</stat>
</suite>
</statistics>
<errors>
</errors>
</robot>
