<?xml version="1.0" encoding="UTF-8"?>
<robot generator="Robot 7.0 (Python 3.12.2 on win32)" generated="2024-05-25T22:44:05.907240" rpa="false" schemaversion="5">
<suite id="s1" name="Test Booker" source="c:\Iterasys\RobotBooker140\__tests__\api\test_booker.robot">
<kw name="Create Token" owner="common" type="SETUP">
<kw name="Create Dictionary" owner="BuiltIn">
<msg time="2024-05-25T22:44:06.059623" level="INFO">${body} = {'username': 'admin', 'password': 'password123'}</msg>
<var>${body}</var>
<arg>username=admin</arg>
<arg>password=password123</arg>
<doc>Creates and returns a dictionary based on the given ``items``.</doc>
<status status="PASS" start="2024-05-25T22:44:06.059623" elapsed="0.015952"/>
</kw>
<kw name="POST" owner="RequestsLibrary">
<msg time="2024-05-25T22:44:07.275894" level="INFO">POST Request : url=https://restful-booker.herokuapp.com/auth 
 path_url=/auth 
 headers={'User-Agent': 'python-requests/2.31.0', 'Accept-Encoding': 'gzip, deflate', 'Accept': '*/*', 'Connection': 'keep-alive', 'Content-Length': '48', 'Content-Type': 'application/json'} 
 body=b'{"username": "admin", "password": "password123"}' 
 </msg>
<msg time="2024-05-25T22:44:07.275894" level="INFO">POST Response : url=https://restful-booker.herokuapp.com/auth 
 status=200, reason=OK 
 headers={'Server': 'Cowboy', 'Report-To': '{"group":"heroku-nel","max_age":3600,"endpoints":[{"url":"https://nel.heroku.com/reports?ts=1716687847&amp;sid=c46efe9b-d3d2-4a0c-8c76-bfafa16c5add&amp;s=PTQsnmYXM6o1MybRwtFat2QUsMJI60TCOiTHuOrZsUQ%3D"}]}', 'Reporting-Endpoints': 'heroku-nel=https://nel.heroku.com/reports?ts=1716687847&amp;sid=c46efe9b-d3d2-4a0c-8c76-bfafa16c5add&amp;s=PTQsnmYXM6o1MybRwtFat2QUsMJI60TCOiTHuOrZsUQ%3D', 'Nel': '{"report_to":"heroku-nel","max_age":3600,"success_fraction":0.005,"failure_fraction":0.05,"response_headers":["Via"]}', 'Connection': 'keep-alive', 'X-Powered-By': 'Express', 'Content-Type': 'application/json; charset=utf-8', 'Content-Length': '27', 'Etag': 'W/"1b-2gZGsz1nvo1TPSbrxTn1C6uga4A"', 'Date': 'Sun, 26 May 2024 01:44:07 GMT', 'Via': '1.1 vegur'} 
 body={"token":"699bbe7cf4460df"} 
 </msg>
<msg time="2024-05-25T22:44:07.275894" level="INFO">${response} = &lt;Response [200]&gt;</msg>
<var>${response}</var>
<arg>url=${url}/auth</arg>
<arg>json=${body}</arg>
<doc>Sends a POST request.</doc>
<status status="PASS" start="2024-05-25T22:44:06.075575" elapsed="1.200319"/>
</kw>
<kw name="Status Should Be" owner="RequestsLibrary">
<arg>200</arg>
<doc>Fails if response status code is different than the expected.</doc>
<status status="PASS" start="2024-05-25T22:44:07.275894" elapsed="0.000000"/>
</kw>
<kw name="Set Variable" owner="BuiltIn">
<msg time="2024-05-25T22:44:07.282908" level="INFO">${token} = 699bbe7cf4460df</msg>
<var>${token}</var>
<arg>${response.json()}[token]</arg>
<doc>Returns the given values which can then be assigned to a variables.</doc>
<status status="PASS" start="2024-05-25T22:44:07.275894" elapsed="0.007014"/>
</kw>
<kw name="Set Suite Variable" owner="BuiltIn">
<msg time="2024-05-25T22:44:07.282908" level="INFO">${token} = 699bbe7cf4460df</msg>
<arg>${token}</arg>
<doc>Makes a variable available everywhere within the scope of the current suite.</doc>
<status status="PASS" start="2024-05-25T22:44:07.282908" elapsed="0.000000"/>
</kw>
<kw name="Log To Console" owner="BuiltIn">
<arg>${token}</arg>
<doc>Logs the given message to the console.</doc>
<status status="PASS" start="2024-05-25T22:44:07.282908" elapsed="0.000000"/>
</kw>
<arg>${url}</arg>
<status status="PASS" start="2024-05-25T22:44:06.059623" elapsed="1.223285"/>
</kw>
<test id="s1-t1" name="Delete Booking" line="97">
<kw name="Get Booking ID" owner="common">
<kw name="GET" owner="RequestsLibrary">
<msg time="2024-05-25T22:44:08.702799" level="INFO">GET Request : url=https://restful-booker.herokuapp.com/booking?firstname=Charlie&amp;lastname=Brown 
 path_url=/booking?firstname=Charlie&amp;lastname=Brown 
 headers={'User-Agent': 'python-requests/2.31.0', 'Accept-Encoding': 'gzip, deflate', 'Accept': '*/*', 'Connection': 'keep-alive'} 
 body=None 
 </msg>
<msg time="2024-05-25T22:44:08.702799" level="INFO">GET Response : url=https://restful-booker.herokuapp.com/booking?firstname=Charlie&amp;lastname=Brown 
 status=200, reason=OK 
 headers={'Server': 'Cowboy', 'Report-To': '{"group":"heroku-nel","max_age":3600,"endpoints":[{"url":"https://nel.heroku.com/reports?ts=1716687848&amp;sid=c46efe9b-d3d2-4a0c-8c76-bfafa16c5add&amp;s=eZwt0Yg2ZP0VQL7Krpcp%2FBATeV3n10n0NqxHdr9WeOA%3D"}]}', 'Reporting-Endpoints': 'heroku-nel=https://nel.heroku.com/reports?ts=1716687848&amp;sid=c46efe9b-d3d2-4a0c-8c76-bfafa16c5add&amp;s=eZwt0Yg2ZP0VQL7Krpcp%2FBATeV3n10n0NqxHdr9WeOA%3D', 'Nel': '{"report_to":"heroku-nel","max_age":3600,"success_fraction":0.005,"failure_fraction":0.05,"response_headers":["Via"]}', 'Connection': 'keep-alive', 'X-Powered-By': 'Express', 'Content-Type': 'application/json; charset=utf-8', 'Content-Length': '19', 'Etag': 'W/"13-GqhcxmWmB42duv1Z+d7wVsF7swY"', 'Date': 'Sun, 26 May 2024 01:44:08 GMT', 'Via': '1.1 vegur'} 
 body=[{"bookingid":950}] 
 </msg>
<msg time="2024-05-25T22:44:08.702799" level="INFO">${response} = &lt;Response [200]&gt;</msg>
<var>${response}</var>
<arg>url=${url}/booking?firstname=${firstname}&amp;lastname=${lastname}</arg>
<doc>Sends a GET request.</doc>
<status status="PASS" start="2024-05-25T22:44:07.282908" elapsed="1.419891"/>
</kw>
<kw name="Set Variable" owner="BuiltIn">
<msg time="2024-05-25T22:44:08.702799" level="INFO">${response_body} = [{'bookingid': 950}]</msg>
<var>${response_body}</var>
<arg>${response.json()}</arg>
<doc>Returns the given values which can then be assigned to a variables.</doc>
<status status="PASS" start="2024-05-25T22:44:08.702799" elapsed="0.000000"/>
</kw>
<kw name="Log To Console" owner="BuiltIn">
<arg>${response_body}</arg>
<doc>Logs the given message to the console.</doc>
<status status="PASS" start="2024-05-25T22:44:08.710804" elapsed="0.000000"/>
</kw>
<kw name="Status Should Be" owner="RequestsLibrary">
<arg>200</arg>
<doc>Fails if response status code is different than the expected.</doc>
<status status="PASS" start="2024-05-25T22:44:08.710804" elapsed="0.000000"/>
</kw>
<kw name="Set Variable" owner="BuiltIn">
<msg time="2024-05-25T22:44:08.710804" level="INFO">${booking_id} = 950</msg>
<var>${booking_id}</var>
<arg>${response_body}[0][bookingid]</arg>
<doc>Returns the given values which can then be assigned to a variables.</doc>
<status status="PASS" start="2024-05-25T22:44:08.710804" elapsed="0.006421"/>
</kw>
<kw name="Set Suite Variable" owner="BuiltIn">
<msg time="2024-05-25T22:44:08.717225" level="INFO">${booking_id} = 950</msg>
<arg>${booking_id}</arg>
<doc>Makes a variable available everywhere within the scope of the current suite.</doc>
<status status="PASS" start="2024-05-25T22:44:08.717225" elapsed="0.000000"/>
</kw>
<arg>${url}</arg>
<arg>${firstname}</arg>
<arg>${lastname}</arg>
<status status="PASS" start="2024-05-25T22:44:07.282908" elapsed="1.434317"/>
</kw>
<kw name="Create Dictionary" owner="BuiltIn">
<msg time="2024-05-25T22:44:08.719233" level="INFO">${headers} = {'Cookie': 'token=699bbe7cf4460df', 'Content-Type': 'application/json'}</msg>
<var>${headers}</var>
<arg>Cookie=token=${token}</arg>
<arg>Content-Type=${content_type}</arg>
<doc>Creates and returns a dictionary based on the given ``items``.</doc>
<status status="PASS" start="2024-05-25T22:44:08.719233" elapsed="0.000000"/>
</kw>
<kw name="DELETE" owner="RequestsLibrary">
<msg time="2024-05-25T22:44:10.096371" level="INFO">DELETE Request : url=https://restful-booker.herokuapp.com/booking/950 
 path_url=/booking/950 
 headers={'User-Agent': 'python-requests/2.31.0', 'Accept-Encoding': 'gzip, deflate', 'Accept': '*/*', 'Connection': 'keep-alive', 'Cookie': 'token=699bbe7cf4460df', 'Content-Type': 'application/json', 'Content-Length': '0'} 
 body=None 
 </msg>
<msg time="2024-05-25T22:44:10.096371" level="INFO">DELETE Response : url=https://restful-booker.herokuapp.com/booking/950 
 status=201, reason=Created 
 headers={'Server': 'Cowboy', 'Report-To': '{"group":"heroku-nel","max_age":3600,"endpoints":[{"url":"https://nel.heroku.com/reports?ts=1716687849&amp;sid=c46efe9b-d3d2-4a0c-8c76-bfafa16c5add&amp;s=UNxjJKmo34R9txn5Tm0j%2BI3nmJlZkbQ02a1SyN%2B%2F6PE%3D"}]}', 'Reporting-Endpoints': 'heroku-nel=https://nel.heroku.com/reports?ts=1716687849&amp;sid=c46efe9b-d3d2-4a0c-8c76-bfafa16c5add&amp;s=UNxjJKmo34R9txn5Tm0j%2BI3nmJlZkbQ02a1SyN%2B%2F6PE%3D', 'Nel': '{"report_to":"heroku-nel","max_age":3600,"success_fraction":0.005,"failure_fraction":0.05,"response_headers":["Via"]}', 'Connection': 'keep-alive', 'X-Powered-By': 'Express', 'Content-Type': 'text/plain; charset=utf-8', 'Content-Length': '7', 'Etag': 'W/"7-rM9AyJuqT6iOan/xHh+AW+7K/T8"', 'Date': 'Sun, 26 May 2024 01:44:09 GMT', 'Via': '1.1 vegur'} 
 body=Created 
 </msg>
<msg time="2024-05-25T22:44:10.096371" level="INFO">${response} = &lt;Response [201]&gt;</msg>
<var>${response}</var>
<arg>url=${url}/booking/${booking_id}</arg>
<arg>headers=${headers}</arg>
<doc>Sends a DELETE request.</doc>
<status status="PASS" start="2024-05-25T22:44:08.719233" elapsed="1.377138"/>
</kw>
<kw name="Status Should Be" owner="RequestsLibrary">
<arg>201</arg>
<doc>Fails if response status code is different than the expected.</doc>
<status status="PASS" start="2024-05-25T22:44:10.099077" elapsed="0.000000"/>
</kw>
<status status="PASS" start="2024-05-25T22:44:07.282908" elapsed="2.816169"/>
</test>
<status status="PASS" start="2024-05-25T22:44:05.913806" elapsed="4.192089"/>
</suite>
<statistics>
<total>
<stat pass="1" fail="0" skip="0">All Tests</stat>
</total>
<tag>
</tag>
<suite>
<stat pass="1" fail="0" skip="0" id="s1" name="Test Booker">Test Booker</stat>
</suite>
</statistics>
<errors>
</errors>
</robot>
