<?xml version="1.0" encoding="UTF-8"?>
<robot generator="Robot 7.0 (Python 3.12.2 on win32)" generated="2024-05-23T16:20:57.440811" rpa="false" schemaversion="5">
<suite id="s1" name="Test Booker" source="c:\Iterasys\RobotBooker140\__tests__\api\test_booker.robot">
<kw name="Create Token" owner="common" type="SETUP">
<kw name="Create Dictionary" owner="BuiltIn">
<msg time="2024-05-23T16:20:57.696595" level="INFO">${body} = {'username': 'admin', 'password': 'password123'}</msg>
<var>${body}</var>
<arg>username=admin</arg>
<arg>password=password123</arg>
<doc>Creates and returns a dictionary based on the given ``items``.</doc>
<status status="PASS" start="2024-05-23T16:20:57.695598" elapsed="0.004047"/>
</kw>
<kw name="POST" owner="RequestsLibrary">
<msg time="2024-05-23T16:20:58.911478" level="INFO">POST Request : url=https://restful-booker.herokuapp.com/auth 
 path_url=/auth 
 headers={'User-Agent': 'python-requests/2.31.0', 'Accept-Encoding': 'gzip, deflate', 'Accept': '*/*', 'Connection': 'keep-alive', 'Content-Length': '48', 'Content-Type': 'application/json'} 
 body=b'{"username": "admin", "password": "password123"}' 
 </msg>
<msg time="2024-05-23T16:20:58.911478" level="INFO">POST Response : url=https://restful-booker.herokuapp.com/auth 
 status=200, reason=OK 
 headers={'Server': 'Cowboy', 'Report-To': '{"group":"heroku-nel","max_age":3600,"endpoints":[{"url":"https://nel.heroku.com/reports?ts=1716492063&amp;sid=c46efe9b-d3d2-4a0c-8c76-bfafa16c5add&amp;s=E4%2B3nilMzHelRS0PBMOX2VYd%2Bq%2B2SBEKNRRADSKW%2FwI%3D"}]}', 'Reporting-Endpoints': 'heroku-nel=https://nel.heroku.com/reports?ts=1716492063&amp;sid=c46efe9b-d3d2-4a0c-8c76-bfafa16c5add&amp;s=E4%2B3nilMzHelRS0PBMOX2VYd%2Bq%2B2SBEKNRRADSKW%2FwI%3D', 'Nel': '{"report_to":"heroku-nel","max_age":3600,"success_fraction":0.005,"failure_fraction":0.05,"response_headers":["Via"]}', 'Connection': 'keep-alive', 'X-Powered-By': 'Express', 'Content-Type': 'application/json; charset=utf-8', 'Content-Length': '27', 'Etag': 'W/"1b-aX0u2q9t8ROTXdNPJnOSMFHDFq8"', 'Date': 'Thu, 23 May 2024 19:21:03 GMT', 'Via': '1.1 vegur'} 
 body={"token":"24f72084291c1b4"} 
 </msg>
<msg time="2024-05-23T16:20:58.912474" level="INFO">${response} = &lt;Response [200]&gt;</msg>
<var>${response}</var>
<arg>url=${url}/auth</arg>
<arg>json=${body}</arg>
<doc>Sends a POST request.</doc>
<status status="PASS" start="2024-05-23T16:20:57.700978" elapsed="1.211496"/>
</kw>
<kw name="Status Should Be" owner="RequestsLibrary">
<arg>200</arg>
<doc>Fails if response status code is different than the expected.</doc>
<status status="PASS" start="2024-05-23T16:20:58.912474" elapsed="0.000997"/>
</kw>
<kw name="Set Variable" owner="BuiltIn">
<msg time="2024-05-23T16:20:58.914467" level="INFO">${token} = 24f72084291c1b4</msg>
<var>${token}</var>
<arg>${response.json()}[token]</arg>
<doc>Returns the given values which can then be assigned to a variables.</doc>
<status status="PASS" start="2024-05-23T16:20:58.913471" elapsed="0.000996"/>
</kw>
<kw name="Set Suite Variable" owner="BuiltIn">
<msg time="2024-05-23T16:20:58.915464" level="INFO">${token} = 24f72084291c1b4</msg>
<arg>${token}</arg>
<doc>Makes a variable available everywhere within the scope of the current suite.</doc>
<status status="PASS" start="2024-05-23T16:20:58.915464" elapsed="0.000000"/>
</kw>
<kw name="Log To Console" owner="BuiltIn">
<arg>${token}</arg>
<doc>Logs the given message to the console.</doc>
<status status="PASS" start="2024-05-23T16:20:58.915464" elapsed="0.000996"/>
</kw>
<arg>${url}</arg>
<status status="PASS" start="2024-05-23T16:20:57.695598" elapsed="1.220862"/>
</kw>
<test id="s1-t1" name="Get Booking" line="36">
<kw name="Get Booking ID" owner="common">
<kw name="GET" owner="RequestsLibrary">
<msg time="2024-05-23T16:21:00.124496" level="INFO">GET Request : url=https://restful-booker.herokuapp.com/booking?firstname=Charlie&amp;lastname=Brown 
 path_url=/booking?firstname=Charlie&amp;lastname=Brown 
 headers={'User-Agent': 'python-requests/2.31.0', 'Accept-Encoding': 'gzip, deflate', 'Accept': '*/*', 'Connection': 'keep-alive'} 
 body=None 
 </msg>
<msg time="2024-05-23T16:21:00.125492" level="INFO">GET Response : url=https://restful-booker.herokuapp.com/booking?firstname=Charlie&amp;lastname=Brown 
 status=200, reason=OK 
 headers={'Server': 'Cowboy', 'Report-To': '{"group":"heroku-nel","max_age":3600,"endpoints":[{"url":"https://nel.heroku.com/reports?ts=1716492064&amp;sid=c46efe9b-d3d2-4a0c-8c76-bfafa16c5add&amp;s=CU1ct4TMY7yTcnd9F9dp%2FgzMd%2BIx2KtKagM6W9cz1Wk%3D"}]}', 'Reporting-Endpoints': 'heroku-nel=https://nel.heroku.com/reports?ts=1716492064&amp;sid=c46efe9b-d3d2-4a0c-8c76-bfafa16c5add&amp;s=CU1ct4TMY7yTcnd9F9dp%2FgzMd%2BIx2KtKagM6W9cz1Wk%3D', 'Nel': '{"report_to":"heroku-nel","max_age":3600,"success_fraction":0.005,"failure_fraction":0.05,"response_headers":["Via"]}', 'Connection': 'keep-alive', 'X-Powered-By': 'Express', 'Content-Type': 'application/json; charset=utf-8', 'Content-Length': '20', 'Etag': 'W/"14-gpeg21RMuIcvVOWoI32unhClD3c"', 'Date': 'Thu, 23 May 2024 19:21:04 GMT', 'Via': '1.1 vegur'} 
 body=[{"bookingid":4724}] 
 </msg>
<msg time="2024-05-23T16:21:00.126481" level="INFO">${response} = &lt;Response [200]&gt;</msg>
<var>${response}</var>
<arg>url=${url}/booking?firstname=${firstname}&amp;lastname=${lastname}</arg>
<doc>Sends a GET request.</doc>
<status status="PASS" start="2024-05-23T16:20:58.918961" elapsed="1.207520"/>
</kw>
<kw name="Set Variable" owner="BuiltIn">
<msg time="2024-05-23T16:21:00.127483" level="INFO">${response_body} = [{'bookingid': 4724}]</msg>
<var>${response_body}</var>
<arg>${response.json()}</arg>
<doc>Returns the given values which can then be assigned to a variables.</doc>
<status status="PASS" start="2024-05-23T16:21:00.126481" elapsed="0.001002"/>
</kw>
<kw name="Log To Console" owner="BuiltIn">
<arg>${response_body}</arg>
<doc>Logs the given message to the console.</doc>
<status status="PASS" start="2024-05-23T16:21:00.128479" elapsed="0.000000"/>
</kw>
<kw name="Status Should Be" owner="RequestsLibrary">
<arg>200</arg>
<doc>Fails if response status code is different than the expected.</doc>
<status status="PASS" start="2024-05-23T16:21:00.128479" elapsed="0.000000"/>
</kw>
<kw name="Set Variable" owner="BuiltIn">
<msg time="2024-05-23T16:21:00.130121" level="INFO">${booking_id} = 4724</msg>
<var>${booking_id}</var>
<arg>${response_body}[0][bookingid]</arg>
<doc>Returns the given values which can then be assigned to a variables.</doc>
<status status="PASS" start="2024-05-23T16:21:00.130121" elapsed="0.000996"/>
</kw>
<kw name="Set Suite Variable" owner="BuiltIn">
<msg time="2024-05-23T16:21:00.131117" level="INFO">${booking_id} = 4724</msg>
<arg>${booking_id}</arg>
<doc>Makes a variable available everywhere within the scope of the current suite.</doc>
<status status="PASS" start="2024-05-23T16:21:00.131117" elapsed="0.000000"/>
</kw>
<arg>${url}</arg>
<arg>${firstname}</arg>
<arg>${lastname}</arg>
<status status="PASS" start="2024-05-23T16:20:58.917460" elapsed="1.213657"/>
</kw>
<kw name="GET" owner="RequestsLibrary">
<msg time="2024-05-23T16:21:01.365300" level="INFO">GET Request : url=https://restful-booker.herokuapp.com/booking/4724 
 path_url=/booking/4724 
 headers={'User-Agent': 'python-requests/2.31.0', 'Accept-Encoding': 'gzip, deflate', 'Accept': '*/*', 'Connection': 'keep-alive'} 
 body=None 
 </msg>
<msg time="2024-05-23T16:21:01.367293" level="INFO">GET Response : url=https://restful-booker.herokuapp.com/booking/4724 
 status=200, reason=OK 
 headers={'Server': 'Cowboy', 'Report-To': '{"group":"heroku-nel","max_age":3600,"endpoints":[{"url":"https://nel.heroku.com/reports?ts=1716492065&amp;sid=c46efe9b-d3d2-4a0c-8c76-bfafa16c5add&amp;s=a0H970cL71vlvgMC7%2BfhhO14Bb8ZrStii94OPh1L8Q4%3D"}]}', 'Reporting-Endpoints': 'heroku-nel=https://nel.heroku.com/reports?ts=1716492065&amp;sid=c46efe9b-d3d2-4a0c-8c76-bfafa16c5add&amp;s=a0H970cL71vlvgMC7%2BfhhO14Bb8ZrStii94OPh1L8Q4%3D', 'Nel': '{"report_to":"heroku-nel","max_age":3600,"success_fraction":0.005,"failure_fraction":0.05,"response_headers":["Via"]}', 'Connection': 'keep-alive', 'X-Powered-By': 'Express', 'Content-Type': 'application/json; charset=utf-8', 'Content-Length': '173', 'Etag': 'W/"ad-Y5mDa/iSU7svMeDraQAb8FQr6VU"', 'Date': 'Thu, 23 May 2024 19:21:05 GMT', 'Via': '1.1 vegur'} 
 body={"firstname":"Charlie","lastname":"Brown","totalprice":120,"depositpaid":false,"bookingdates":{"checkin":"2024-04-27","checkout":"2024-04-27"},"additionalneeds":"Breakfast"} 
 </msg>
<msg time="2024-05-23T16:21:01.367293" level="INFO">${response} = &lt;Response [200]&gt;</msg>
<var>${response}</var>
<arg>url=${url}/booking/${booking_id}</arg>
<doc>Sends a GET request.</doc>
<status status="PASS" start="2024-05-23T16:21:00.133175" elapsed="1.235118"/>
</kw>
<kw name="Set Variable" owner="BuiltIn">
<msg time="2024-05-23T16:21:01.370890" level="INFO">${response_body} = {'firstname': 'Charlie', 'lastname': 'Brown', 'totalprice': 120, 'depositpaid': False, 'bookingdates': {'checkin': '2024-04-27', 'checkout': '2024-04-27'}, 'additionalneeds': 'Breakfast'}</msg>
<var>${response_body}</var>
<arg>${response.json()}</arg>
<doc>Returns the given values which can then be assigned to a variables.</doc>
<status status="PASS" start="2024-05-23T16:21:01.368293" elapsed="0.002597"/>
</kw>
<kw name="Log To Console" owner="BuiltIn">
<arg>${response_body}</arg>
<doc>Logs the given message to the console.</doc>
<status status="PASS" start="2024-05-23T16:21:01.371892" elapsed="0.000995"/>
</kw>
<kw name="Status Should Be" owner="RequestsLibrary">
<arg>200</arg>
<doc>Fails if response status code is different than the expected.</doc>
<status status="PASS" start="2024-05-23T16:21:01.373885" elapsed="0.000999"/>
</kw>
<kw name="Should Be Equal" owner="BuiltIn">
<arg>${response_body}[firstname]</arg>
<arg>${firstname}</arg>
<doc>Fails if the given objects are unequal.</doc>
<status status="PASS" start="2024-05-23T16:21:01.375879" elapsed="0.000000"/>
</kw>
<kw name="Should Be Equal" owner="BuiltIn">
<arg>${response_body}[lastname]</arg>
<arg>${lastname}</arg>
<doc>Fails if the given objects are unequal.</doc>
<status status="PASS" start="2024-05-23T16:21:01.376874" elapsed="0.001746"/>
</kw>
<kw name="Should Be Equal" owner="BuiltIn">
<arg>${response_body}[totalprice]</arg>
<arg>${totalprice}</arg>
<doc>Fails if the given objects are unequal.</doc>
<status status="PASS" start="2024-05-23T16:21:01.379126" elapsed="0.001023"/>
</kw>
<kw name="Should Be Equal" owner="BuiltIn">
<arg>${response_body}[depositpaid]</arg>
<arg>${depositpaid}</arg>
<doc>Fails if the given objects are unequal.</doc>
<status status="PASS" start="2024-05-23T16:21:01.381150" elapsed="0.000000"/>
</kw>
<kw name="Should Be Equal" owner="BuiltIn">
<arg>${response_body}[bookingdates][checkin]</arg>
<arg>${bookingdates}[checkin]</arg>
<doc>Fails if the given objects are unequal.</doc>
<status status="PASS" start="2024-05-23T16:21:01.382146" elapsed="0.000000"/>
</kw>
<kw name="Should Be Equal" owner="BuiltIn">
<arg>${response_body}[bookingdates][checkout]</arg>
<arg>${bookingdates}[checkout]</arg>
<doc>Fails if the given objects are unequal.</doc>
<status status="PASS" start="2024-05-23T16:21:01.383142" elapsed="0.000000"/>
</kw>
<kw name="Should Be Equal" owner="BuiltIn">
<arg>${response_body}[additionalneeds]</arg>
<arg>${additionalneeds}</arg>
<doc>Fails if the given objects are unequal.</doc>
<status status="PASS" start="2024-05-23T16:21:01.384139" elapsed="0.000000"/>
</kw>
<status status="PASS" start="2024-05-23T16:20:58.916460" elapsed="2.468703"/>
</test>
<status status="PASS" start="2024-05-23T16:20:57.449285" elapsed="3.936848"/>
</suite>
<statistics>
<total>
<stat pass="1" fail="0" skip="0">All Tests</stat>
</total>
<tag>
</tag>
<suite>
<stat pass="1" fail="0" skip="0" id="s1" name="Test Booker">Test Booker</stat>
</suite>
</statistics>
<errors>
</errors>
</robot>
